[debug] [2018-03-14T20:25:29.058Z] ----------------------------------------------------------------------
[debug] [2018-03-14T20:25:29.060Z] Command:       /usr/local/bin/node /usr/local/bin/firebase deploy
[debug] [2018-03-14T20:25:29.060Z] CLI Version:   3.17.4
[debug] [2018-03-14T20:25:29.060Z] Platform:      darwin
[debug] [2018-03-14T20:25:29.060Z] Node Version:  v7.5.0
[debug] [2018-03-14T20:25:29.061Z] Time:          Wed Mar 14 2018 14:25:29 GMT-0600 (MDT)
[debug] [2018-03-14T20:25:29.061Z] ----------------------------------------------------------------------
[debug] 
[debug] [2018-03-14T20:25:29.075Z] > command requires scopes: ["email","openid","https://www.googleapis.com/auth/cloudplatformprojects.readonly","https://www.googleapis.com/auth/firebase","https://www.googleapis.com/auth/cloud-platform"]
[debug] [2018-03-14T20:25:29.075Z] > authorizing via signed-in user
[debug] [2018-03-14T20:25:29.077Z] > refreshing access token with scopes: ["email","https://www.googleapis.com/auth/cloud-platform","https://www.googleapis.com/auth/cloudplatformprojects.readonly","https://www.googleapis.com/auth/firebase","openid"]
[debug] [2018-03-14T20:25:29.077Z] >>> HTTP REQUEST POST https://www.googleapis.com/oauth2/v3/token  
 { refresh_token: '1/mSxYVxgw0-WCxqip9MWVeOSIm9fumcP9bdXhjN9qhYYif5jBvjnpmyA3mDcasD9L',
  client_id: '563584335869-fgrhgmd47bqnekij5i8b5pr03ho849e6.apps.googleusercontent.com',
  client_secret: 'j9iVZfS8kkCEFUPaAeJV0sAi',
  grant_type: 'refresh_token',
  scope: 'email https://www.googleapis.com/auth/cloud-platform https://www.googleapis.com/auth/cloudplatformprojects.readonly https://www.googleapis.com/auth/firebase openid' } 
 Wed Mar 14 2018 14:25:29 GMT-0600 (MDT)
[debug] [2018-03-14T20:25:29.476Z] <<< HTTP RESPONSE 200
[debug] [2018-03-14T20:25:29.499Z] >>> HTTP REQUEST GET https://admin.firebase.com/v1/projects/alanbcolecodewebsite  
  
 Wed Mar 14 2018 14:25:29 GMT-0600 (MDT)
[debug] [2018-03-14T20:25:30.395Z] <<< HTTP RESPONSE 200
[debug] [2018-03-14T20:25:30.396Z] >>> HTTP REQUEST GET https://admin.firebase.com/v1/database/alanbcolecodewebsite/tokens  
  
 Wed Mar 14 2018 14:25:30 GMT-0600 (MDT)
[debug] [2018-03-14T20:25:30.936Z] <<< HTTP RESPONSE 200
[info] 
[info] === Deploying to 'alanbcolecodewebsite'...
[info] 
[info] i  deploying database, firestore, functions, hosting
[info] Running command: npm --prefix $RESOURCE_DIR run lint
[info] Running command: npm --prefix $RESOURCE_DIR run build
[info] ✔  functions: Finished running predeploy script.
[info] i  database: checking rules syntax...
[debug] [2018-03-14T20:25:35.742Z] >>> HTTP REQUEST PUT https://alanbcolecodewebsite.firebaseio.com/.settings/rules.json?dryRun=true  
 {
  "rules": {
    ".read": "true",
    ".write": "true"
  }
} 
 Wed Mar 14 2018 14:25:35 GMT-0600 (MDT)
[debug] [2018-03-14T20:25:36.761Z] <<< HTTP RESPONSE 200
[info] ✔  database: rules syntax for database alanbcolecodewebsite is valid
[info] i  firestore: checking firestore.rules for compilation errors...
[debug] [2018-03-14T20:25:36.771Z] >>> HTTP REQUEST POST https://firebaserules.googleapis.com/v1/projects/alanbcolecodewebsite:test  
 { source: { files: [ [Object] ] } } 
 Wed Mar 14 2018 14:25:36 GMT-0600 (MDT)
[debug] [2018-03-14T20:25:37.141Z] <<< HTTP RESPONSE 200
[info] ✔  firestore: rules file firestore.rules compiled successfully
[debug] [2018-03-14T20:25:37.144Z] > [functions] package.json contents: {
  "name": "functions",
  "scripts": {
    "lint": "./node_modules/.bin/tslint -p tslint.json",
    "build": "./node_modules/.bin/tsc",
    "serve": "npm run build && firebase serve --only functions",
    "shell": "npm run build && firebase experimental:functions:shell",
    "start": "npm run shell",
    "deploy": "firebase deploy --only functions",
    "logs": "firebase functions:log"
  },
  "main": "lib/index.js",
  "dependencies": {
    "firebase-admin": "~5.8.1",
    "firebase-functions": "^0.8.1",
    "nodemailer": "^4.6.2"
  },
  "devDependencies": {
    "tslint": "^5.8.0",
    "typescript": "^2.5.3"
  },
  "private": true
}
[info] i  functions: ensuring necessary APIs are enabled...
[debug] [2018-03-14T20:25:37.145Z] >>> HTTP REQUEST GET https://servicemanagement.googleapis.com/v1/services/cloudfunctions.googleapis.com/projectSettings/alanbcolecodewebsite?view=CONSUMER_VIEW  
  
 Wed Mar 14 2018 14:25:37 GMT-0600 (MDT)
[debug] [2018-03-14T20:25:37.145Z] >>> HTTP REQUEST GET https://servicemanagement.googleapis.com/v1/services/runtimeconfig.googleapis.com/projectSettings/alanbcolecodewebsite?view=CONSUMER_VIEW  
  
 Wed Mar 14 2018 14:25:37 GMT-0600 (MDT)
[debug] [2018-03-14T20:25:38.108Z] <<< HTTP RESPONSE 200
[debug] [2018-03-14T20:25:38.171Z] <<< HTTP RESPONSE 200
[info] ✔  functions: all necessary APIs are enabled
[debug] [2018-03-14T20:25:38.172Z] >>> HTTP REQUEST GET https://appengine.googleapis.com/v1/apps/alanbcolecodewebsite  
  
 Wed Mar 14 2018 14:25:38 GMT-0600 (MDT)
[debug] [2018-03-14T20:25:38.173Z] >>> HTTP REQUEST GET https://apikeys.googleapis.com/v1/projects/alanbcolecodewebsite/apiKeys  
  
 Wed Mar 14 2018 14:25:38 GMT-0600 (MDT)
[debug] [2018-03-14T20:25:38.604Z] <<< HTTP RESPONSE 200
[debug] [2018-03-14T20:25:38.809Z] <<< HTTP RESPONSE 200
[info] i  firestore: uploading rules firestore.rules...
[debug] [2018-03-14T20:25:38.813Z] >>> HTTP REQUEST POST https://firebaserules.googleapis.com/v1/projects/alanbcolecodewebsite/rulesets  
 { source: { files: [ [Object] ] } } 
 Wed Mar 14 2018 14:25:38 GMT-0600 (MDT)
[debug] [2018-03-14T20:25:38.814Z] >>> HTTP REQUEST GET https://firestore.googleapis.com/v1beta1/projects/alanbcolecodewebsite/databases/(default)/indexes  
  
 Wed Mar 14 2018 14:25:38 GMT-0600 (MDT)
[debug] [2018-03-14T20:25:39.384Z] <<< HTTP RESPONSE 200
[debug] [2018-03-14T20:25:39.385Z] [rules] created ruleset projects/alanbcolecodewebsite/rulesets/320031ab-47b6-4117-a844-d1cd90a7923a
[debug] [2018-03-14T20:25:39.413Z] <<< HTTP RESPONSE 200
[info] i  functions: preparing functions directory for uploading...
[debug] [2018-03-14T20:25:39.416Z] >>> HTTP REQUEST GET https://runtimeconfig.googleapis.com/v1beta1/projects/alanbcolecodewebsite/configs  
  
 Wed Mar 14 2018 14:25:39 GMT-0600 (MDT)
[debug] [2018-03-14T20:25:39.856Z] <<< HTTP RESPONSE 200
[debug] [2018-03-14T20:25:39.859Z] >>> HTTP REQUEST GET https://runtimeconfig.googleapis.com/v1beta1/projects/alanbcolecodewebsite/configs/gmail/variables  
  
 Wed Mar 14 2018 14:25:39 GMT-0600 (MDT)
[debug] [2018-03-14T20:25:40.208Z] <<< HTTP RESPONSE 200
[debug] [2018-03-14T20:25:40.209Z] >>> HTTP REQUEST GET https://runtimeconfig.googleapis.com/v1beta1/projects/alanbcolecodewebsite/configs/gmail/variables/email  
  
 Wed Mar 14 2018 14:25:40 GMT-0600 (MDT)
[debug] [2018-03-14T20:25:40.210Z] >>> HTTP REQUEST GET https://runtimeconfig.googleapis.com/v1beta1/projects/alanbcolecodewebsite/configs/gmail/variables/password  
  
 Wed Mar 14 2018 14:25:40 GMT-0600 (MDT)
[debug] [2018-03-14T20:25:40.561Z] <<< HTTP RESPONSE 200
[debug] [2018-03-14T20:25:40.742Z] <<< HTTP RESPONSE 200
[info] i  functions: packaged functions (40.08 KB) for uploading
[debug] [2018-03-14T20:25:41.117Z] >>> HTTP REQUEST GET https://www.googleapis.com/storage/v1/b/staging.alanbcolecodewebsite.appspot.com  
  
 Wed Mar 14 2018 14:25:41 GMT-0600 (MDT)
[debug] [2018-03-14T20:25:41.360Z] <<< HTTP RESPONSE 200
[debug] [2018-03-14T20:25:41.361Z] >>> HTTP REQUEST POST https://www.googleapis.com/upload/storage/v1/b/staging.alanbcolecodewebsite.appspot.com/o?uploadType=media&name=firebase-functions-source  
 ReadStream {
  _readableState: 
   ReadableState {
     objectMode: false,
     highWaterMark: 65536,
     buffer: BufferList { head: [Object], tail: [Object], length: 1 },
     length: 41040,
     pipes: null,
     pipesCount: 0,
     flowing: null,
     ended: true,
     endEmitted: false,
     reading: false,
     sync: false,
     needReadable: false,
     emittedReadable: true,
     readableListening: false,
     resumeScheduled: false,
     defaultEncoding: 'utf8',
     ranOut: false,
     awaitDrain: 0,
     readingMore: false,
     decoder: null,
     encoding: null },
  readable: true,
  domain: null,
  _events: { end: [Function] },
  _eventsCount: 1,
  _maxListeners: undefined,
  path: '/var/folders/bv/fmlym30s78g20vs14020yz8w0000gn/T/firebase-functions-18240f4CG7dYVHYX.zip',
  fd: 19,
  flags: 'r',
  mode: 438,
  start: undefined,
  end: undefined,
  autoClose: true,
  pos: undefined,
  bytesRead: 41040 } 
 Wed Mar 14 2018 14:25:41 GMT-0600 (MDT)
[debug] [2018-03-14T20:25:42.817Z] <<< HTTP RESPONSE 200
[info] ✔  functions: functions folder uploaded successfully
[info] i  hosting: preparing dist directory for upload...
[debug] [2018-03-14T20:25:43.671Z] >>> HTTP REQUEST PUT https://deploy.firebase.com/v1/hosting/alanbcolecodewebsite/uploads/-L7aB7mxDVWyZzHTj0wb?fileCount=16&message=  
  
 Wed Mar 14 2018 14:25:43 GMT-0600 (MDT)
